{"/Users/lucasking/Code/express-jobly/app.js": {"path":"/Users/lucasking/Code/express-jobly/app.js","statementMap":{"0":{"start":{"line":5,"column":16},"end":{"line":5,"column":34}},"1":{"start":{"line":6,"column":13},"end":{"line":6,"column":28}},"2":{"start":{"line":8,"column":26},"end":{"line":8,"column":51}},"3":{"start":{"line":10,"column":28},"end":{"line":10,"column":56}},"4":{"start":{"line":11,"column":19},"end":{"line":11,"column":43}},"5":{"start":{"line":12,"column":24},"end":{"line":12,"column":53}},"6":{"start":{"line":13,"column":20},"end":{"line":13,"column":45}},"7":{"start":{"line":14,"column":19},"end":{"line":14,"column":43}},"8":{"start":{"line":16,"column":15},"end":{"line":16,"column":32}},"9":{"start":{"line":18,"column":12},"end":{"line":18,"column":21}},"10":{"start":{"line":20,"column":0},"end":{"line":20,"column":16}},"11":{"start":{"line":21,"column":0},"end":{"line":21,"column":24}},"12":{"start":{"line":22,"column":0},"end":{"line":22,"column":48}},"13":{"start":{"line":23,"column":0},"end":{"line":23,"column":24}},"14":{"start":{"line":24,"column":0},"end":{"line":24,"column":25}},"15":{"start":{"line":26,"column":0},"end":{"line":26,"column":29}},"16":{"start":{"line":27,"column":0},"end":{"line":27,"column":39}},"17":{"start":{"line":28,"column":0},"end":{"line":28,"column":31}},"18":{"start":{"line":29,"column":0},"end":{"line":29,"column":29}},"19":{"start":{"line":33,"column":0},"end":{"line":35,"column":3}},"20":{"start":{"line":34,"column":2},"end":{"line":34,"column":35}},"21":{"start":{"line":38,"column":0},"end":{"line":46,"column":3}},"22":{"start":{"line":39,"column":2},"end":{"line":39,"column":64}},"23":{"start":{"line":39,"column":39},"end":{"line":39,"column":64}},"24":{"start":{"line":40,"column":17},"end":{"line":40,"column":34}},"25":{"start":{"line":41,"column":18},"end":{"line":41,"column":29}},"26":{"start":{"line":43,"column":2},"end":{"line":45,"column":5}},"27":{"start":{"line":48,"column":0},"end":{"line":48,"column":21}}},"fnMap":{"0":{"name":"(anonymous_0)","decl":{"start":{"line":33,"column":8},"end":{"line":33,"column":9}},"loc":{"start":{"line":33,"column":34},"end":{"line":35,"column":1}},"line":33},"1":{"name":"(anonymous_1)","decl":{"start":{"line":38,"column":8},"end":{"line":38,"column":9}},"loc":{"start":{"line":38,"column":39},"end":{"line":46,"column":1}},"line":38}},"branchMap":{"0":{"loc":{"start":{"line":39,"column":2},"end":{"line":39,"column":64}},"type":"if","locations":[{"start":{"line":39,"column":2},"end":{"line":39,"column":64}},{"start":{"line":39,"column":2},"end":{"line":39,"column":64}}],"line":39},"1":{"loc":{"start":{"line":40,"column":17},"end":{"line":40,"column":34}},"type":"binary-expr","locations":[{"start":{"line":40,"column":17},"end":{"line":40,"column":27}},{"start":{"line":40,"column":31},"end":{"line":40,"column":34}}],"line":40}},"s":{"0":6,"1":6,"2":6,"3":6,"4":6,"5":6,"6":6,"7":6,"8":6,"9":6,"10":6,"11":6,"12":6,"13":6,"14":6,"15":6,"16":6,"17":6,"18":6,"19":6,"20":2,"21":6,"22":57,"23":1,"24":57,"25":57,"26":57,"27":6},"f":{"0":2,"1":57},"b":{"0":[1,56],"1":[57,4]},"_coverageSchema":"1a1c01bbd47fc00a2c39e90264f33305004495a9","hash":"d698ea1b60c5db9e692808a4c015fb1060497d09"}
,"/Users/lucasking/Code/express-jobly/config.js": {"path":"/Users/lucasking/Code/express-jobly/config.js","statementMap":{"0":{"start":{"line":5,"column":0},"end":{"line":5,"column":27}},"1":{"start":{"line":6,"column":0},"end":{"line":6,"column":18}},"2":{"start":{"line":8,"column":19},"end":{"line":8,"column":57}},"3":{"start":{"line":10,"column":13},"end":{"line":10,"column":38}},"4":{"start":{"line":14,"column":2},"end":{"line":16,"column":44}},"5":{"start":{"line":22,"column":27},"end":{"line":22,"column":67}},"6":{"start":{"line":24,"column":0},"end":{"line":24,"column":35}},"7":{"start":{"line":25,"column":0},"end":{"line":25,"column":46}},"8":{"start":{"line":26,"column":0},"end":{"line":26,"column":45}},"9":{"start":{"line":27,"column":0},"end":{"line":27,"column":61}},"10":{"start":{"line":28,"column":0},"end":{"line":28,"column":50}},"11":{"start":{"line":29,"column":0},"end":{"line":29,"column":19}},"12":{"start":{"line":31,"column":0},"end":{"line":36,"column":2}}},"fnMap":{"0":{"name":"getDatabaseUri","decl":{"start":{"line":13,"column":9},"end":{"line":13,"column":23}},"loc":{"start":{"line":13,"column":26},"end":{"line":17,"column":1}},"line":13}},"branchMap":{"0":{"loc":{"start":{"line":8,"column":19},"end":{"line":8,"column":57}},"type":"binary-expr","locations":[{"start":{"line":8,"column":19},"end":{"line":8,"column":41}},{"start":{"line":8,"column":45},"end":{"line":8,"column":57}}],"line":8},"1":{"loc":{"start":{"line":10,"column":13},"end":{"line":10,"column":38}},"type":"binary-expr","locations":[{"start":{"line":10,"column":13},"end":{"line":10,"column":30}},{"start":{"line":10,"column":34},"end":{"line":10,"column":38}}],"line":10},"2":{"loc":{"start":{"line":14,"column":9},"end":{"line":16,"column":43}},"type":"cond-expr","locations":[{"start":{"line":15,"column":8},"end":{"line":15,"column":20}},{"start":{"line":16,"column":8},"end":{"line":16,"column":43}}],"line":14},"3":{"loc":{"start":{"line":16,"column":8},"end":{"line":16,"column":43}},"type":"binary-expr","locations":[{"start":{"line":16,"column":8},"end":{"line":16,"column":32}},{"start":{"line":16,"column":36},"end":{"line":16,"column":43}}],"line":16},"4":{"loc":{"start":{"line":22,"column":27},"end":{"line":22,"column":67}},"type":"cond-expr","locations":[{"start":{"line":22,"column":61},"end":{"line":22,"column":62}},{"start":{"line":22,"column":65},"end":{"line":22,"column":67}}],"line":22}},"s":{"0":12,"1":12,"2":12,"3":12,"4":24,"5":12,"6":12,"7":12,"8":12,"9":12,"10":12,"11":12,"12":12},"f":{"0":24},"b":{"0":[12,11],"1":[12,11],"2":[21,3],"3":[3,1],"4":[11,1]},"_coverageSchema":"1a1c01bbd47fc00a2c39e90264f33305004495a9","hash":"e871ac911312e78e6a7ad445dc77233ae01a0c25"}
,"/Users/lucasking/Code/express-jobly/db.js": {"path":"/Users/lucasking/Code/express-jobly/db.js","statementMap":{"0":{"start":{"line":5,"column":19},"end":{"line":5,"column":32}},"1":{"start":{"line":6,"column":27},"end":{"line":6,"column":46}},"2":{"start":{"line":7,"column":14},"end":{"line":7,"column":33}},"3":{"start":{"line":8,"column":0},"end":{"line":10,"column":3}},"4":{"start":{"line":9,"column":2},"end":{"line":9,"column":25}},"5":{"start":{"line":12,"column":11},"end":{"line":14,"column":2}},"6":{"start":{"line":16,"column":0},"end":{"line":16,"column":13}},"7":{"start":{"line":18,"column":0},"end":{"line":18,"column":20}}},"fnMap":{"0":{"name":"(anonymous_0)","decl":{"start":{"line":8,"column":26},"end":{"line":8,"column":27}},"loc":{"start":{"line":8,"column":41},"end":{"line":10,"column":1}},"line":8}},"branchMap":{},"s":{"0":9,"1":9,"2":9,"3":9,"4":35,"5":9,"6":9,"7":9},"f":{"0":35},"b":{},"_coverageSchema":"1a1c01bbd47fc00a2c39e90264f33305004495a9","hash":"980b3023c35a9a846d1fb12318364c9195a00b6f"}
,"/Users/lucasking/Code/express-jobly/expressError.js": {"path":"/Users/lucasking/Code/express-jobly/expressError.js","statementMap":{"0":{"start":{"line":9,"column":4},"end":{"line":9,"column":12}},"1":{"start":{"line":10,"column":4},"end":{"line":10,"column":27}},"2":{"start":{"line":11,"column":4},"end":{"line":11,"column":25}},"3":{"start":{"line":19,"column":4},"end":{"line":19,"column":24}},"4":{"start":{"line":27,"column":4},"end":{"line":27,"column":24}},"5":{"start":{"line":35,"column":4},"end":{"line":35,"column":24}},"6":{"start":{"line":43,"column":4},"end":{"line":43,"column":24}},"7":{"start":{"line":47,"column":0},"end":{"line":53,"column":2}}},"fnMap":{"0":{"name":"(anonymous_0)","decl":{"start":{"line":8,"column":2},"end":{"line":8,"column":3}},"loc":{"start":{"line":8,"column":31},"end":{"line":12,"column":3}},"line":8},"1":{"name":"(anonymous_1)","decl":{"start":{"line":18,"column":2},"end":{"line":18,"column":3}},"loc":{"start":{"line":18,"column":37},"end":{"line":20,"column":3}},"line":18},"2":{"name":"(anonymous_2)","decl":{"start":{"line":26,"column":2},"end":{"line":26,"column":3}},"loc":{"start":{"line":26,"column":40},"end":{"line":28,"column":3}},"line":26},"3":{"name":"(anonymous_3)","decl":{"start":{"line":34,"column":2},"end":{"line":34,"column":3}},"loc":{"start":{"line":34,"column":39},"end":{"line":36,"column":3}},"line":34},"4":{"name":"(anonymous_4)","decl":{"start":{"line":42,"column":2},"end":{"line":42,"column":3}},"loc":{"start":{"line":42,"column":39},"end":{"line":44,"column":3}},"line":42}},"branchMap":{"0":{"loc":{"start":{"line":18,"column":14},"end":{"line":18,"column":35}},"type":"default-arg","locations":[{"start":{"line":18,"column":24},"end":{"line":18,"column":35}}],"line":18},"1":{"loc":{"start":{"line":26,"column":14},"end":{"line":26,"column":38}},"type":"default-arg","locations":[{"start":{"line":26,"column":24},"end":{"line":26,"column":38}}],"line":26},"2":{"loc":{"start":{"line":34,"column":14},"end":{"line":34,"column":37}},"type":"default-arg","locations":[{"start":{"line":34,"column":24},"end":{"line":34,"column":37}}],"line":34},"3":{"loc":{"start":{"line":42,"column":14},"end":{"line":42,"column":37}},"type":"default-arg","locations":[{"start":{"line":42,"column":24},"end":{"line":42,"column":37}}],"line":42}},"s":{"0":78,"1":78,"2":78,"3":24,"4":30,"5":24,"6":0,"7":10},"f":{"0":78,"1":24,"2":30,"3":24,"4":0},"b":{"0":[2],"1":[26],"2":[0],"3":[0]},"_coverageSchema":"1a1c01bbd47fc00a2c39e90264f33305004495a9","hash":"7ed32f9f41971cef23822d8b4c19621f50b16abd"}
,"/Users/lucasking/Code/express-jobly/helpers/sql.js": {"path":"/Users/lucasking/Code/express-jobly/helpers/sql.js","statementMap":{"0":{"start":{"line":1,"column":28},"end":{"line":1,"column":54}},"1":{"start":{"line":12,"column":15},"end":{"line":12,"column":40}},"2":{"start":{"line":13,"column":2},"end":{"line":13,"column":62}},"3":{"start":{"line":13,"column":25},"end":{"line":13,"column":62}},"4":{"start":{"line":16,"column":15},"end":{"line":18,"column":3}},"5":{"start":{"line":17,"column":6},"end":{"line":17,"column":52}},"6":{"start":{"line":23,"column":2},"end":{"line":26,"column":4}},"7":{"start":{"line":29,"column":0},"end":{"line":29,"column":41}}},"fnMap":{"0":{"name":"sqlForPartialUpdate","decl":{"start":{"line":11,"column":9},"end":{"line":11,"column":28}},"loc":{"start":{"line":11,"column":52},"end":{"line":27,"column":1}},"line":11},"1":{"name":"(anonymous_1)","decl":{"start":{"line":16,"column":24},"end":{"line":16,"column":25}},"loc":{"start":{"line":17,"column":6},"end":{"line":17,"column":52}},"line":17}},"branchMap":{"0":{"loc":{"start":{"line":13,"column":2},"end":{"line":13,"column":62}},"type":"if","locations":[{"start":{"line":13,"column":2},"end":{"line":13,"column":62}},{"start":{"line":13,"column":2},"end":{"line":13,"column":62}}],"line":13},"1":{"loc":{"start":{"line":17,"column":10},"end":{"line":17,"column":37}},"type":"binary-expr","locations":[{"start":{"line":17,"column":10},"end":{"line":17,"column":26}},{"start":{"line":17,"column":30},"end":{"line":17,"column":37}}],"line":17}},"s":{"0":9,"1":22,"2":22,"3":3,"4":19,"5":39,"6":19,"7":9},"f":{"0":22,"1":39},"b":{"0":[3,19],"1":[39,25]},"_coverageSchema":"1a1c01bbd47fc00a2c39e90264f33305004495a9","hash":"6f02f9ae32d56c90632a5e1c7e4afc70e94e36a3"}
,"/Users/lucasking/Code/express-jobly/helpers/tokens.js": {"path":"/Users/lucasking/Code/express-jobly/helpers/tokens.js","statementMap":{"0":{"start":{"line":1,"column":12},"end":{"line":1,"column":35}},"1":{"start":{"line":2,"column":23},"end":{"line":2,"column":43}},"2":{"start":{"line":7,"column":2},"end":{"line":8,"column":58}},"3":{"start":{"line":10,"column":16},"end":{"line":13,"column":3}},"4":{"start":{"line":15,"column":2},"end":{"line":15,"column":39}},"5":{"start":{"line":18,"column":0},"end":{"line":18,"column":33}}},"fnMap":{"0":{"name":"createToken","decl":{"start":{"line":6,"column":9},"end":{"line":6,"column":20}},"loc":{"start":{"line":6,"column":27},"end":{"line":16,"column":1}},"line":6}},"branchMap":{"0":{"loc":{"start":{"line":12,"column":13},"end":{"line":12,"column":34}},"type":"binary-expr","locations":[{"start":{"line":12,"column":13},"end":{"line":12,"column":25}},{"start":{"line":12,"column":29},"end":{"line":12,"column":34}}],"line":12}},"s":{"0":7,"1":7,"2":15,"3":15,"4":15,"5":7},"f":{"0":15},"b":{"0":[15,8]},"_coverageSchema":"1a1c01bbd47fc00a2c39e90264f33305004495a9","hash":"4486bb1cd4f7a816c614050e98b6e01f26250998"}
,"/Users/lucasking/Code/express-jobly/middleware/auth.js": {"path":"/Users/lucasking/Code/express-jobly/middleware/auth.js","statementMap":{"0":{"start":{"line":5,"column":12},"end":{"line":5,"column":35}},"1":{"start":{"line":6,"column":23},"end":{"line":6,"column":43}},"2":{"start":{"line":7,"column":30},"end":{"line":7,"column":56}},"3":{"start":{"line":19,"column":2},"end":{"line":28,"column":3}},"4":{"start":{"line":20,"column":23},"end":{"line":20,"column":63}},"5":{"start":{"line":21,"column":4},"end":{"line":24,"column":5}},"6":{"start":{"line":22,"column":20},"end":{"line":22,"column":64}},"7":{"start":{"line":23,"column":6},"end":{"line":23,"column":54}},"8":{"start":{"line":25,"column":4},"end":{"line":25,"column":18}},"9":{"start":{"line":27,"column":4},"end":{"line":27,"column":18}},"10":{"start":{"line":37,"column":2},"end":{"line":42,"column":3}},"11":{"start":{"line":38,"column":4},"end":{"line":38,"column":56}},"12":{"start":{"line":38,"column":26},"end":{"line":38,"column":56}},"13":{"start":{"line":39,"column":4},"end":{"line":39,"column":18}},"14":{"start":{"line":41,"column":4},"end":{"line":41,"column":21}},"15":{"start":{"line":51,"column":2},"end":{"line":56,"column":3}},"16":{"start":{"line":52,"column":4},"end":{"line":52,"column":84}},"17":{"start":{"line":52,"column":54},"end":{"line":52,"column":84}},"18":{"start":{"line":53,"column":4},"end":{"line":53,"column":18}},"19":{"start":{"line":55,"column":4},"end":{"line":55,"column":21}},"20":{"start":{"line":64,"column":2},"end":{"line":71,"column":3}},"21":{"start":{"line":65,"column":22},"end":{"line":65,"column":37}},"22":{"start":{"line":66,"column":4},"end":{"line":67,"column":34}},"23":{"start":{"line":67,"column":4},"end":{"line":67,"column":34}},"24":{"start":{"line":68,"column":4},"end":{"line":68,"column":18}},"25":{"start":{"line":70,"column":4},"end":{"line":70,"column":21}},"26":{"start":{"line":76,"column":0},"end":{"line":81,"column":2}}},"fnMap":{"0":{"name":"authenticateJWT","decl":{"start":{"line":18,"column":9},"end":{"line":18,"column":24}},"loc":{"start":{"line":18,"column":41},"end":{"line":29,"column":1}},"line":18},"1":{"name":"ensureLoggedIn","decl":{"start":{"line":36,"column":9},"end":{"line":36,"column":23}},"loc":{"start":{"line":36,"column":40},"end":{"line":43,"column":1}},"line":36},"2":{"name":"ensureIsAdmin","decl":{"start":{"line":50,"column":9},"end":{"line":50,"column":22}},"loc":{"start":{"line":50,"column":39},"end":{"line":57,"column":1}},"line":50},"3":{"name":"ensureCorrectUser","decl":{"start":{"line":63,"column":9},"end":{"line":63,"column":26}},"loc":{"start":{"line":63,"column":43},"end":{"line":72,"column":1}},"line":63}},"branchMap":{"0":{"loc":{"start":{"line":20,"column":23},"end":{"line":20,"column":63}},"type":"binary-expr","locations":[{"start":{"line":20,"column":23},"end":{"line":20,"column":34}},{"start":{"line":20,"column":38},"end":{"line":20,"column":63}}],"line":20},"1":{"loc":{"start":{"line":21,"column":4},"end":{"line":24,"column":5}},"type":"if","locations":[{"start":{"line":21,"column":4},"end":{"line":24,"column":5}},{"start":{"line":21,"column":4},"end":{"line":24,"column":5}}],"line":21},"2":{"loc":{"start":{"line":38,"column":4},"end":{"line":38,"column":56}},"type":"if","locations":[{"start":{"line":38,"column":4},"end":{"line":38,"column":56}},{"start":{"line":38,"column":4},"end":{"line":38,"column":56}}],"line":38},"3":{"loc":{"start":{"line":52,"column":4},"end":{"line":52,"column":84}},"type":"if","locations":[{"start":{"line":52,"column":4},"end":{"line":52,"column":84}},{"start":{"line":52,"column":4},"end":{"line":52,"column":84}}],"line":52},"4":{"loc":{"start":{"line":52,"column":8},"end":{"line":52,"column":52}},"type":"binary-expr","locations":[{"start":{"line":52,"column":8},"end":{"line":52,"column":24}},{"start":{"line":52,"column":28},"end":{"line":52,"column":52}}],"line":52},"5":{"loc":{"start":{"line":66,"column":4},"end":{"line":67,"column":34}},"type":"if","locations":[{"start":{"line":66,"column":4},"end":{"line":67,"column":34}},{"start":{"line":66,"column":4},"end":{"line":67,"column":34}}],"line":66},"6":{"loc":{"start":{"line":66,"column":8},"end":{"line":66,"column":88}},"type":"binary-expr","locations":[{"start":{"line":66,"column":8},"end":{"line":66,"column":18}},{"start":{"line":66,"column":23},"end":{"line":66,"column":65}},{"start":{"line":66,"column":69},"end":{"line":66,"column":87}}],"line":66}},"s":{"0":7,"1":7,"2":7,"3":84,"4":84,"5":84,"6":53,"7":53,"8":83,"9":1,"10":2,"11":2,"12":1,"13":1,"14":1,"15":41,"16":41,"17":16,"18":25,"19":16,"20":23,"21":23,"22":23,"23":9,"24":14,"25":9,"26":7},"f":{"0":84,"1":2,"2":41,"3":23},"b":{"0":[84,83],"1":[53,31],"2":[1,1],"3":[16,25],"4":[41,35],"5":[9,14],"6":[23,19,11]},"_coverageSchema":"1a1c01bbd47fc00a2c39e90264f33305004495a9","hash":"1a90f4e3caf2ab60e4b30381fd98a163670a1b3a"}
,"/Users/lucasking/Code/express-jobly/models/_testCommon.js": {"path":"/Users/lucasking/Code/express-jobly/models/_testCommon.js","statementMap":{"0":{"start":{"line":1,"column":15},"end":{"line":1,"column":32}},"1":{"start":{"line":3,"column":11},"end":{"line":3,"column":30}},"2":{"start":{"line":4,"column":31},"end":{"line":4,"column":51}},"3":{"start":{"line":8,"column":2},"end":{"line":8,"column":42}},"4":{"start":{"line":10,"column":2},"end":{"line":10,"column":38}},"5":{"start":{"line":12,"column":2},"end":{"line":16,"column":55}},"6":{"start":{"line":18,"column":2},"end":{"line":30,"column":9}},"7":{"start":{"line":34,"column":2},"end":{"line":38,"column":35}},"8":{"start":{"line":42,"column":2},"end":{"line":42,"column":26}},"9":{"start":{"line":46,"column":2},"end":{"line":46,"column":29}},"10":{"start":{"line":50,"column":2},"end":{"line":50,"column":17}},"11":{"start":{"line":54,"column":0},"end":{"line":59,"column":2}}},"fnMap":{"0":{"name":"commonBeforeAll","decl":{"start":{"line":6,"column":15},"end":{"line":6,"column":30}},"loc":{"start":{"line":6,"column":33},"end":{"line":39,"column":1}},"line":6},"1":{"name":"commonBeforeEach","decl":{"start":{"line":41,"column":15},"end":{"line":41,"column":31}},"loc":{"start":{"line":41,"column":34},"end":{"line":43,"column":1}},"line":41},"2":{"name":"commonAfterEach","decl":{"start":{"line":45,"column":15},"end":{"line":45,"column":30}},"loc":{"start":{"line":45,"column":33},"end":{"line":47,"column":1}},"line":45},"3":{"name":"commonAfterAll","decl":{"start":{"line":49,"column":15},"end":{"line":49,"column":29}},"loc":{"start":{"line":49,"column":32},"end":{"line":51,"column":1}},"line":49}},"branchMap":{},"s":{"0":3,"1":3,"2":3,"3":3,"4":3,"5":3,"6":3,"7":3,"8":40,"9":40,"10":3,"11":3},"f":{"0":3,"1":40,"2":40,"3":3},"b":{},"_coverageSchema":"1a1c01bbd47fc00a2c39e90264f33305004495a9","hash":"5f1f71d8db2e53e52baafadf125ba9f9217b3f33"}
,"/Users/lucasking/Code/express-jobly/models/company.js": {"path":"/Users/lucasking/Code/express-jobly/models/company.js","statementMap":{"0":{"start":{"line":3,"column":11},"end":{"line":3,"column":27}},"1":{"start":{"line":4,"column":43},"end":{"line":4,"column":69}},"2":{"start":{"line":5,"column":32},"end":{"line":5,"column":57}},"3":{"start":{"line":6,"column":0},"end":{"line":6,"column":18}},"4":{"start":{"line":21,"column":27},"end":{"line":25,"column":15}},"5":{"start":{"line":27,"column":4},"end":{"line":28,"column":64}},"6":{"start":{"line":28,"column":6},"end":{"line":28,"column":64}},"7":{"start":{"line":30,"column":19},"end":{"line":42,"column":5}},"8":{"start":{"line":43,"column":20},"end":{"line":43,"column":34}},"9":{"start":{"line":45,"column":4},"end":{"line":45,"column":19}},"10":{"start":{"line":55,"column":22},"end":{"line":55,"column":24}},"11":{"start":{"line":56,"column":17},"end":{"line":56,"column":19}},"12":{"start":{"line":57,"column":16},"end":{"line":57,"column":17}},"13":{"start":{"line":59,"column":19},"end":{"line":59,"column":41}},"14":{"start":{"line":60,"column":19},"end":{"line":60,"column":41}},"15":{"start":{"line":63,"column":4},"end":{"line":66,"column":5}},"16":{"start":{"line":64,"column":6},"end":{"line":64,"column":38}},"17":{"start":{"line":65,"column":6},"end":{"line":65,"column":86}},"18":{"start":{"line":69,"column":4},"end":{"line":87,"column":5}},"19":{"start":{"line":70,"column":6},"end":{"line":74,"column":7}},"20":{"start":{"line":71,"column":8},"end":{"line":71,"column":58}},"21":{"start":{"line":72,"column":8},"end":{"line":72,"column":36}},"22":{"start":{"line":73,"column":8},"end":{"line":73,"column":56}},"23":{"start":{"line":76,"column":6},"end":{"line":80,"column":7}},"24":{"start":{"line":77,"column":8},"end":{"line":77,"column":58}},"25":{"start":{"line":78,"column":8},"end":{"line":78,"column":36}},"26":{"start":{"line":79,"column":8},"end":{"line":79,"column":56}},"27":{"start":{"line":82,"column":6},"end":{"line":86,"column":7}},"28":{"start":{"line":83,"column":8},"end":{"line":83,"column":58}},"29":{"start":{"line":84,"column":8},"end":{"line":84,"column":43}},"30":{"start":{"line":85,"column":8},"end":{"line":85,"column":49}},"31":{"start":{"line":89,"column":4},"end":{"line":89,"column":52}},"32":{"start":{"line":92,"column":25},"end":{"line":100,"column":32}},"33":{"start":{"line":102,"column":4},"end":{"line":102,"column":29}},"34":{"start":{"line":116,"column":23},"end":{"line":127,"column":15}},"35":{"start":{"line":129,"column":20},"end":{"line":129,"column":38}},"36":{"start":{"line":131,"column":4},"end":{"line":131,"column":51}},"37":{"start":{"line":133,"column":4},"end":{"line":133,"column":67}},"38":{"start":{"line":133,"column":18},"end":{"line":133,"column":67}},"39":{"start":{"line":135,"column":4},"end":{"line":135,"column":19}},"40":{"start":{"line":151,"column":32},"end":{"line":156,"column":8}},"41":{"start":{"line":157,"column":25},"end":{"line":157,"column":50}},"42":{"start":{"line":160,"column":21},"end":{"line":167,"column":54}},"43":{"start":{"line":168,"column":19},"end":{"line":168,"column":64}},"44":{"start":{"line":169,"column":20},"end":{"line":169,"column":34}},"45":{"start":{"line":171,"column":4},"end":{"line":171,"column":67}},"46":{"start":{"line":171,"column":18},"end":{"line":171,"column":67}},"47":{"start":{"line":173,"column":4},"end":{"line":173,"column":19}},"48":{"start":{"line":182,"column":19},"end":{"line":187,"column":15}},"49":{"start":{"line":188,"column":20},"end":{"line":188,"column":34}},"50":{"start":{"line":190,"column":4},"end":{"line":190,"column":67}},"51":{"start":{"line":190,"column":18},"end":{"line":190,"column":67}},"52":{"start":{"line":195,"column":0},"end":{"line":195,"column":25}}},"fnMap":{"0":{"name":"(anonymous_0)","decl":{"start":{"line":20,"column":2},"end":{"line":20,"column":3}},"loc":{"start":{"line":20,"column":76},"end":{"line":46,"column":3}},"line":20},"1":{"name":"(anonymous_1)","decl":{"start":{"line":53,"column":2},"end":{"line":53,"column":3}},"loc":{"start":{"line":53,"column":34},"end":{"line":103,"column":3}},"line":53},"2":{"name":"(anonymous_2)","decl":{"start":{"line":114,"column":2},"end":{"line":114,"column":3}},"loc":{"start":{"line":114,"column":27},"end":{"line":136,"column":3}},"line":114},"3":{"name":"(anonymous_3)","decl":{"start":{"line":150,"column":2},"end":{"line":150,"column":3}},"loc":{"start":{"line":150,"column":36},"end":{"line":174,"column":3}},"line":150},"4":{"name":"(anonymous_4)","decl":{"start":{"line":181,"column":2},"end":{"line":181,"column":3}},"loc":{"start":{"line":181,"column":30},"end":{"line":191,"column":3}},"line":181}},"branchMap":{"0":{"loc":{"start":{"line":27,"column":4},"end":{"line":28,"column":64}},"type":"if","locations":[{"start":{"line":27,"column":4},"end":{"line":28,"column":64}},{"start":{"line":27,"column":4},"end":{"line":28,"column":64}}],"line":27},"1":{"loc":{"start":{"line":63,"column":4},"end":{"line":66,"column":5}},"type":"if","locations":[{"start":{"line":63,"column":4},"end":{"line":66,"column":5}},{"start":{"line":63,"column":4},"end":{"line":66,"column":5}}],"line":63},"2":{"loc":{"start":{"line":63,"column":8},"end":{"line":63,"column":46}},"type":"binary-expr","locations":[{"start":{"line":63,"column":8},"end":{"line":63,"column":14}},{"start":{"line":63,"column":18},"end":{"line":63,"column":24}},{"start":{"line":63,"column":28},"end":{"line":63,"column":46}}],"line":63},"3":{"loc":{"start":{"line":70,"column":6},"end":{"line":74,"column":7}},"type":"if","locations":[{"start":{"line":70,"column":6},"end":{"line":74,"column":7}},{"start":{"line":70,"column":6},"end":{"line":74,"column":7}}],"line":70},"4":{"loc":{"start":{"line":71,"column":23},"end":{"line":71,"column":57}},"type":"cond-expr","locations":[{"start":{"line":71,"column":43},"end":{"line":71,"column":50}},{"start":{"line":71,"column":52},"end":{"line":71,"column":57}}],"line":71},"5":{"loc":{"start":{"line":76,"column":6},"end":{"line":80,"column":7}},"type":"if","locations":[{"start":{"line":76,"column":6},"end":{"line":80,"column":7}},{"start":{"line":76,"column":6},"end":{"line":80,"column":7}}],"line":76},"6":{"loc":{"start":{"line":77,"column":23},"end":{"line":77,"column":57}},"type":"cond-expr","locations":[{"start":{"line":77,"column":43},"end":{"line":77,"column":50}},{"start":{"line":77,"column":52},"end":{"line":77,"column":57}}],"line":77},"7":{"loc":{"start":{"line":82,"column":6},"end":{"line":86,"column":7}},"type":"if","locations":[{"start":{"line":82,"column":6},"end":{"line":86,"column":7}},{"start":{"line":82,"column":6},"end":{"line":86,"column":7}}],"line":82},"8":{"loc":{"start":{"line":83,"column":23},"end":{"line":83,"column":57}},"type":"cond-expr","locations":[{"start":{"line":83,"column":43},"end":{"line":83,"column":50}},{"start":{"line":83,"column":52},"end":{"line":83,"column":57}}],"line":83},"9":{"loc":{"start":{"line":133,"column":4},"end":{"line":133,"column":67}},"type":"if","locations":[{"start":{"line":133,"column":4},"end":{"line":133,"column":67}},{"start":{"line":133,"column":4},"end":{"line":133,"column":67}}],"line":133},"10":{"loc":{"start":{"line":171,"column":4},"end":{"line":171,"column":67}},"type":"if","locations":[{"start":{"line":171,"column":4},"end":{"line":171,"column":67}},{"start":{"line":171,"column":4},"end":{"line":171,"column":67}}],"line":171},"11":{"loc":{"start":{"line":190,"column":4},"end":{"line":190,"column":67}},"type":"if","locations":[{"start":{"line":190,"column":4},"end":{"line":190,"column":67}},{"start":{"line":190,"column":4},"end":{"line":190,"column":67}}],"line":190}},"s":{"0":7,"1":7,"2":7,"3":7,"4":16,"5":16,"6":1,"7":15,"8":15,"9":15,"10":7,"11":7,"12":7,"13":7,"14":7,"15":7,"16":2,"17":2,"18":5,"19":7,"20":2,"21":2,"22":2,"23":7,"24":2,"25":2,"26":2,"27":7,"28":2,"29":2,"30":2,"31":5,"32":5,"33":4,"34":5,"35":5,"36":5,"37":5,"38":2,"39":3,"40":6,"41":5,"42":5,"43":5,"44":5,"45":5,"46":2,"47":3,"48":4,"49":4,"50":4,"51":2,"52":7},"f":{"0":16,"1":7,"2":5,"3":6,"4":4},"b":{"0":[1,15],"1":[2,5],"2":[7,4,4],"3":[2,5],"4":[0,2],"5":[2,5],"6":[0,2],"7":[2,5],"8":[2,0],"9":[2,3],"10":[2,3],"11":[2,2]},"_coverageSchema":"1a1c01bbd47fc00a2c39e90264f33305004495a9","hash":"b2b2467451043bb7766d6139a71babc69ab119a6"}
,"/Users/lucasking/Code/express-jobly/models/job.js": {"path":"/Users/lucasking/Code/express-jobly/models/job.js","statementMap":{"0":{"start":{"line":1,"column":11},"end":{"line":1,"column":27}},"1":{"start":{"line":2,"column":43},"end":{"line":2,"column":69}},"2":{"start":{"line":3,"column":32},"end":{"line":3,"column":57}},"3":{"start":{"line":6,"column":0},"end":{"line":6,"column":18}},"4":{"start":{"line":20,"column":4},"end":{"line":49,"column":5}},"5":{"start":{"line":21,"column":29},"end":{"line":25,"column":47}},"6":{"start":{"line":27,"column":6},"end":{"line":28,"column":97}},"7":{"start":{"line":28,"column":8},"end":{"line":28,"column":97}},"8":{"start":{"line":30,"column":21},"end":{"line":41,"column":7}},"9":{"start":{"line":42,"column":18},"end":{"line":42,"column":32}},"10":{"start":{"line":46,"column":6},"end":{"line":46,"column":17}},"11":{"start":{"line":48,"column":6},"end":{"line":48,"column":96}},"12":{"start":{"line":58,"column":22},"end":{"line":58,"column":24}},"13":{"start":{"line":59,"column":17},"end":{"line":59,"column":19}},"14":{"start":{"line":60,"column":16},"end":{"line":60,"column":17}},"15":{"start":{"line":63,"column":4},"end":{"line":83,"column":5}},"16":{"start":{"line":64,"column":6},"end":{"line":68,"column":7}},"17":{"start":{"line":65,"column":8},"end":{"line":65,"column":60}},"18":{"start":{"line":66,"column":8},"end":{"line":66,"column":36}},"19":{"start":{"line":67,"column":8},"end":{"line":67,"column":49}},"20":{"start":{"line":70,"column":6},"end":{"line":76,"column":7}},"21":{"start":{"line":71,"column":8},"end":{"line":75,"column":9}},"22":{"start":{"line":72,"column":10},"end":{"line":72,"column":62}},"23":{"start":{"line":73,"column":10},"end":{"line":73,"column":25}},"24":{"start":{"line":74,"column":10},"end":{"line":74,"column":50}},"25":{"start":{"line":78,"column":6},"end":{"line":82,"column":7}},"26":{"start":{"line":79,"column":8},"end":{"line":79,"column":60}},"27":{"start":{"line":80,"column":8},"end":{"line":80,"column":43}},"28":{"start":{"line":81,"column":8},"end":{"line":81,"column":51}},"29":{"start":{"line":85,"column":4},"end":{"line":85,"column":52}},"30":{"start":{"line":86,"column":20},"end":{"line":94,"column":33}},"31":{"start":{"line":96,"column":4},"end":{"line":96,"column":24}},"32":{"start":{"line":108,"column":19},"end":{"line":116,"column":11}},"33":{"start":{"line":118,"column":16},"end":{"line":118,"column":30}},"34":{"start":{"line":120,"column":4},"end":{"line":120,"column":58}},"35":{"start":{"line":120,"column":14},"end":{"line":120,"column":58}},"36":{"start":{"line":122,"column":4},"end":{"line":122,"column":15}},"37":{"start":{"line":140,"column":23},"end":{"line":140,"column":46}},"38":{"start":{"line":142,"column":4},"end":{"line":144,"column":7}},"39":{"start":{"line":143,"column":6},"end":{"line":143,"column":40}},"40":{"start":{"line":143,"column":23},"end":{"line":143,"column":40}},"41":{"start":{"line":146,"column":32},"end":{"line":147,"column":15}},"42":{"start":{"line":148,"column":19},"end":{"line":148,"column":44}},"43":{"start":{"line":151,"column":21},"end":{"line":158,"column":66}},"44":{"start":{"line":159,"column":19},"end":{"line":159,"column":60}},"45":{"start":{"line":160,"column":16},"end":{"line":160,"column":30}},"46":{"start":{"line":162,"column":4},"end":{"line":162,"column":57}},"47":{"start":{"line":164,"column":4},"end":{"line":164,"column":58}},"48":{"start":{"line":164,"column":14},"end":{"line":164,"column":58}},"49":{"start":{"line":166,"column":4},"end":{"line":166,"column":15}},"50":{"start":{"line":176,"column":19},"end":{"line":181,"column":11}},"51":{"start":{"line":182,"column":18},"end":{"line":182,"column":32}},"52":{"start":{"line":184,"column":4},"end":{"line":184,"column":60}},"53":{"start":{"line":184,"column":16},"end":{"line":184,"column":60}},"54":{"start":{"line":188,"column":0},"end":{"line":188,"column":21}}},"fnMap":{"0":{"name":"(anonymous_0)","decl":{"start":{"line":19,"column":2},"end":{"line":19,"column":3}},"loc":{"start":{"line":19,"column":64},"end":{"line":50,"column":3}},"line":19},"1":{"name":"(anonymous_1)","decl":{"start":{"line":56,"column":2},"end":{"line":56,"column":3}},"loc":{"start":{"line":56,"column":34},"end":{"line":97,"column":3}},"line":56},"2":{"name":"(anonymous_2)","decl":{"start":{"line":107,"column":2},"end":{"line":107,"column":3}},"loc":{"start":{"line":107,"column":23},"end":{"line":123,"column":3}},"line":107},"3":{"name":"(anonymous_3)","decl":{"start":{"line":138,"column":2},"end":{"line":138,"column":3}},"loc":{"start":{"line":138,"column":32},"end":{"line":167,"column":3}},"line":138},"4":{"name":"(anonymous_4)","decl":{"start":{"line":142,"column":23},"end":{"line":142,"column":24}},"loc":{"start":{"line":142,"column":32},"end":{"line":144,"column":5}},"line":142},"5":{"name":"(anonymous_5)","decl":{"start":{"line":175,"column":2},"end":{"line":175,"column":3}},"loc":{"start":{"line":175,"column":26},"end":{"line":185,"column":3}},"line":175}},"branchMap":{"0":{"loc":{"start":{"line":27,"column":6},"end":{"line":28,"column":97}},"type":"if","locations":[{"start":{"line":27,"column":6},"end":{"line":28,"column":97}},{"start":{"line":27,"column":6},"end":{"line":28,"column":97}}],"line":27},"1":{"loc":{"start":{"line":64,"column":6},"end":{"line":68,"column":7}},"type":"if","locations":[{"start":{"line":64,"column":6},"end":{"line":68,"column":7}},{"start":{"line":64,"column":6},"end":{"line":68,"column":7}}],"line":64},"2":{"loc":{"start":{"line":65,"column":23},"end":{"line":65,"column":59}},"type":"cond-expr","locations":[{"start":{"line":65,"column":44},"end":{"line":65,"column":51}},{"start":{"line":65,"column":54},"end":{"line":65,"column":59}}],"line":65},"3":{"loc":{"start":{"line":70,"column":6},"end":{"line":76,"column":7}},"type":"if","locations":[{"start":{"line":70,"column":6},"end":{"line":76,"column":7}},{"start":{"line":70,"column":6},"end":{"line":76,"column":7}}],"line":70},"4":{"loc":{"start":{"line":71,"column":8},"end":{"line":75,"column":9}},"type":"if","locations":[{"start":{"line":71,"column":8},"end":{"line":75,"column":9}},{"start":{"line":71,"column":8},"end":{"line":75,"column":9}}],"line":71},"5":{"loc":{"start":{"line":72,"column":25},"end":{"line":72,"column":61}},"type":"cond-expr","locations":[{"start":{"line":72,"column":46},"end":{"line":72,"column":53}},{"start":{"line":72,"column":56},"end":{"line":72,"column":61}}],"line":72},"6":{"loc":{"start":{"line":78,"column":6},"end":{"line":82,"column":7}},"type":"if","locations":[{"start":{"line":78,"column":6},"end":{"line":82,"column":7}},{"start":{"line":78,"column":6},"end":{"line":82,"column":7}}],"line":78},"7":{"loc":{"start":{"line":79,"column":23},"end":{"line":79,"column":59}},"type":"cond-expr","locations":[{"start":{"line":79,"column":44},"end":{"line":79,"column":51}},{"start":{"line":79,"column":54},"end":{"line":79,"column":59}}],"line":79},"8":{"loc":{"start":{"line":120,"column":4},"end":{"line":120,"column":58}},"type":"if","locations":[{"start":{"line":120,"column":4},"end":{"line":120,"column":58}},{"start":{"line":120,"column":4},"end":{"line":120,"column":58}}],"line":120},"9":{"loc":{"start":{"line":143,"column":6},"end":{"line":143,"column":40}},"type":"if","locations":[{"start":{"line":143,"column":6},"end":{"line":143,"column":40}},{"start":{"line":143,"column":6},"end":{"line":143,"column":40}}],"line":143},"10":{"loc":{"start":{"line":164,"column":4},"end":{"line":164,"column":58}},"type":"if","locations":[{"start":{"line":164,"column":4},"end":{"line":164,"column":58}},{"start":{"line":164,"column":4},"end":{"line":164,"column":58}}],"line":164},"11":{"loc":{"start":{"line":184,"column":4},"end":{"line":184,"column":60}},"type":"if","locations":[{"start":{"line":184,"column":4},"end":{"line":184,"column":60}},{"start":{"line":184,"column":4},"end":{"line":184,"column":60}}],"line":184}},"s":{"0":7,"1":7,"2":7,"3":7,"4":17,"5":17,"6":17,"7":1,"8":16,"9":15,"10":15,"11":2,"12":7,"13":7,"14":7,"15":7,"16":6,"17":1,"18":1,"19":1,"20":6,"21":1,"22":1,"23":1,"24":1,"25":6,"26":1,"27":1,"28":1,"29":7,"30":7,"31":6,"32":4,"33":4,"34":4,"35":2,"36":2,"37":6,"38":6,"39":12,"40":1,"41":6,"42":5,"43":5,"44":5,"45":5,"46":5,"47":5,"48":2,"49":3,"50":4,"51":4,"52":4,"53":2,"54":7},"f":{"0":17,"1":7,"2":4,"3":6,"4":12,"5":4},"b":{"0":[1,16],"1":[1,5],"2":[0,1],"3":[1,5],"4":[1,0],"5":[1,0],"6":[1,5],"7":[1,0],"8":[2,2],"9":[1,11],"10":[2,3],"11":[2,2]},"_coverageSchema":"1a1c01bbd47fc00a2c39e90264f33305004495a9","hash":"2c433d012cbcfc827ff0f805819e636c9a69e196"}
,"/Users/lucasking/Code/express-jobly/models/user.js": {"path":"/Users/lucasking/Code/express-jobly/models/user.js","statementMap":{"0":{"start":{"line":3,"column":11},"end":{"line":3,"column":27}},"1":{"start":{"line":4,"column":15},"end":{"line":4,"column":32}},"2":{"start":{"line":5,"column":32},"end":{"line":5,"column":57}},"3":{"start":{"line":10,"column":4},"end":{"line":10,"column":30}},"4":{"start":{"line":12,"column":31},"end":{"line":12,"column":54}},"5":{"start":{"line":26,"column":19},"end":{"line":36,"column":5}},"6":{"start":{"line":38,"column":17},"end":{"line":38,"column":31}},"7":{"start":{"line":40,"column":4},"end":{"line":47,"column":5}},"8":{"start":{"line":42,"column":22},"end":{"line":42,"column":67}},"9":{"start":{"line":43,"column":6},"end":{"line":46,"column":7}},"10":{"start":{"line":44,"column":8},"end":{"line":44,"column":29}},"11":{"start":{"line":45,"column":8},"end":{"line":45,"column":20}},"12":{"start":{"line":49,"column":4},"end":{"line":49,"column":61}},"13":{"start":{"line":61,"column":27},"end":{"line":66,"column":5}},"14":{"start":{"line":68,"column":4},"end":{"line":70,"column":5}},"15":{"start":{"line":69,"column":6},"end":{"line":69,"column":67}},"16":{"start":{"line":72,"column":27},"end":{"line":72,"column":74}},"17":{"start":{"line":74,"column":19},"end":{"line":92,"column":5}},"18":{"start":{"line":94,"column":17},"end":{"line":94,"column":31}},"19":{"start":{"line":96,"column":4},"end":{"line":96,"column":16}},"20":{"start":{"line":105,"column":19},"end":{"line":115,"column":5}},"21":{"start":{"line":117,"column":4},"end":{"line":117,"column":23}},"22":{"start":{"line":129,"column":20},"end":{"line":142,"column":5}},"23":{"start":{"line":144,"column":17},"end":{"line":144,"column":32}},"24":{"start":{"line":146,"column":4},"end":{"line":146,"column":63}},"25":{"start":{"line":146,"column":15},"end":{"line":146,"column":63}},"26":{"start":{"line":148,"column":4},"end":{"line":148,"column":16}},"27":{"start":{"line":169,"column":4},"end":{"line":171,"column":5}},"28":{"start":{"line":170,"column":6},"end":{"line":170,"column":75}},"29":{"start":{"line":173,"column":32},"end":{"line":179,"column":8}},"30":{"start":{"line":180,"column":27},"end":{"line":180,"column":52}},"31":{"start":{"line":182,"column":21},"end":{"line":189,"column":54}},"32":{"start":{"line":190,"column":19},"end":{"line":190,"column":66}},"33":{"start":{"line":191,"column":17},"end":{"line":191,"column":31}},"34":{"start":{"line":193,"column":4},"end":{"line":193,"column":63}},"35":{"start":{"line":193,"column":15},"end":{"line":193,"column":63}},"36":{"start":{"line":195,"column":4},"end":{"line":195,"column":25}},"37":{"start":{"line":196,"column":4},"end":{"line":196,"column":16}},"38":{"start":{"line":202,"column":17},"end":{"line":208,"column":5}},"39":{"start":{"line":209,"column":17},"end":{"line":209,"column":31}},"40":{"start":{"line":211,"column":4},"end":{"line":211,"column":63}},"41":{"start":{"line":211,"column":15},"end":{"line":211,"column":63}},"42":{"start":{"line":216,"column":4},"end":{"line":247,"column":5}},"43":{"start":{"line":217,"column":29},"end":{"line":222,"column":7}},"44":{"start":{"line":224,"column":6},"end":{"line":226,"column":7}},"45":{"start":{"line":225,"column":8},"end":{"line":225,"column":85}},"46":{"start":{"line":229,"column":21},"end":{"line":239,"column":7}},"47":{"start":{"line":241,"column":19},"end":{"line":241,"column":33}},"48":{"start":{"line":243,"column":6},"end":{"line":243,"column":18}},"49":{"start":{"line":246,"column":6},"end":{"line":246,"column":73}},"50":{"start":{"line":253,"column":0},"end":{"line":253,"column":22}}},"fnMap":{"0":{"name":"(anonymous_0)","decl":{"start":{"line":24,"column":2},"end":{"line":24,"column":3}},"loc":{"start":{"line":24,"column":48},"end":{"line":50,"column":3}},"line":24},"1":{"name":"(anonymous_1)","decl":{"start":{"line":59,"column":2},"end":{"line":59,"column":3}},"loc":{"start":{"line":60,"column":65},"end":{"line":97,"column":3}},"line":60},"2":{"name":"(anonymous_2)","decl":{"start":{"line":104,"column":2},"end":{"line":104,"column":3}},"loc":{"start":{"line":104,"column":25},"end":{"line":118,"column":3}},"line":104},"3":{"name":"(anonymous_3)","decl":{"start":{"line":128,"column":2},"end":{"line":128,"column":3}},"loc":{"start":{"line":128,"column":29},"end":{"line":149,"column":3}},"line":128},"4":{"name":"(anonymous_4)","decl":{"start":{"line":168,"column":2},"end":{"line":168,"column":3}},"loc":{"start":{"line":168,"column":38},"end":{"line":197,"column":3}},"line":168},"5":{"name":"(anonymous_5)","decl":{"start":{"line":201,"column":2},"end":{"line":201,"column":3}},"loc":{"start":{"line":201,"column":32},"end":{"line":212,"column":3}},"line":201},"6":{"name":"(anonymous_6)","decl":{"start":{"line":215,"column":2},"end":{"line":215,"column":3}},"loc":{"start":{"line":215,"column":48},"end":{"line":249,"column":3}},"line":215}},"branchMap":{"0":{"loc":{"start":{"line":40,"column":4},"end":{"line":47,"column":5}},"type":"if","locations":[{"start":{"line":40,"column":4},"end":{"line":47,"column":5}},{"start":{"line":40,"column":4},"end":{"line":47,"column":5}}],"line":40},"1":{"loc":{"start":{"line":43,"column":6},"end":{"line":46,"column":7}},"type":"if","locations":[{"start":{"line":43,"column":6},"end":{"line":46,"column":7}},{"start":{"line":43,"column":6},"end":{"line":46,"column":7}}],"line":43},"2":{"loc":{"start":{"line":68,"column":4},"end":{"line":70,"column":5}},"type":"if","locations":[{"start":{"line":68,"column":4},"end":{"line":70,"column":5}},{"start":{"line":68,"column":4},"end":{"line":70,"column":5}}],"line":68},"3":{"loc":{"start":{"line":146,"column":4},"end":{"line":146,"column":63}},"type":"if","locations":[{"start":{"line":146,"column":4},"end":{"line":146,"column":63}},{"start":{"line":146,"column":4},"end":{"line":146,"column":63}}],"line":146},"4":{"loc":{"start":{"line":169,"column":4},"end":{"line":171,"column":5}},"type":"if","locations":[{"start":{"line":169,"column":4},"end":{"line":171,"column":5}},{"start":{"line":169,"column":4},"end":{"line":171,"column":5}}],"line":169},"5":{"loc":{"start":{"line":193,"column":4},"end":{"line":193,"column":63}},"type":"if","locations":[{"start":{"line":193,"column":4},"end":{"line":193,"column":63}},{"start":{"line":193,"column":4},"end":{"line":193,"column":63}}],"line":193},"6":{"loc":{"start":{"line":211,"column":4},"end":{"line":211,"column":63}},"type":"if","locations":[{"start":{"line":211,"column":4},"end":{"line":211,"column":63}},{"start":{"line":211,"column":4},"end":{"line":211,"column":63}}],"line":211},"7":{"loc":{"start":{"line":224,"column":6},"end":{"line":226,"column":7}},"type":"if","locations":[{"start":{"line":224,"column":6},"end":{"line":226,"column":7}},{"start":{"line":224,"column":6},"end":{"line":226,"column":7}}],"line":224}},"s":{"0":7,"1":7,"2":7,"3":7,"4":7,"5":7,"6":7,"7":7,"8":4,"9":4,"10":3,"11":3,"12":4,"13":19,"14":19,"15":1,"16":18,"17":18,"18":18,"19":18,"20":3,"21":0,"22":6,"23":6,"24":6,"25":6,"26":0,"27":8,"28":2,"29":8,"30":7,"31":7,"32":7,"33":7,"34":7,"35":2,"36":5,"37":5,"38":5,"39":5,"40":5,"41":2,"42":0,"43":0,"44":0,"45":0,"46":0,"47":0,"48":0,"49":0,"50":7},"f":{"0":7,"1":19,"2":3,"3":6,"4":8,"5":5,"6":0},"b":{"0":[4,3],"1":[3,1],"2":[1,18],"3":[6,0],"4":[2,6],"5":[2,5],"6":[2,3],"7":[0,0]},"_coverageSchema":"1a1c01bbd47fc00a2c39e90264f33305004495a9","hash":"3d52237715e84108e81ccc556e136bdab2f137f5"}
,"/Users/lucasking/Code/express-jobly/routes/_testCommon.js": {"path":"/Users/lucasking/Code/express-jobly/routes/_testCommon.js","statementMap":{"0":{"start":{"line":4,"column":11},"end":{"line":4,"column":30}},"1":{"start":{"line":5,"column":13},"end":{"line":5,"column":38}},"2":{"start":{"line":6,"column":16},"end":{"line":6,"column":44}},"3":{"start":{"line":7,"column":12},"end":{"line":7,"column":36}},"4":{"start":{"line":8,"column":24},"end":{"line":8,"column":52}},"5":{"start":{"line":14,"column":2},"end":{"line":14,"column":38}},"6":{"start":{"line":16,"column":2},"end":{"line":16,"column":42}},"7":{"start":{"line":18,"column":2},"end":{"line":25,"column":7}},"8":{"start":{"line":26,"column":2},"end":{"line":33,"column":7}},"9":{"start":{"line":34,"column":2},"end":{"line":41,"column":7}},"10":{"start":{"line":43,"column":2},"end":{"line":49,"column":7}},"11":{"start":{"line":50,"column":2},"end":{"line":56,"column":7}},"12":{"start":{"line":57,"column":2},"end":{"line":63,"column":7}},"13":{"start":{"line":65,"column":2},"end":{"line":72,"column":5}},"14":{"start":{"line":73,"column":2},"end":{"line":80,"column":5}},"15":{"start":{"line":81,"column":2},"end":{"line":88,"column":5}},"16":{"start":{"line":93,"column":2},"end":{"line":93,"column":26}},"17":{"start":{"line":98,"column":2},"end":{"line":98,"column":29}},"18":{"start":{"line":103,"column":2},"end":{"line":103,"column":17}},"19":{"start":{"line":107,"column":16},"end":{"line":107,"column":62}},"20":{"start":{"line":110,"column":16},"end":{"line":110,"column":63}},"21":{"start":{"line":113,"column":0},"end":{"line":120,"column":2}}},"fnMap":{"0":{"name":"commonBeforeAll","decl":{"start":{"line":12,"column":15},"end":{"line":12,"column":30}},"loc":{"start":{"line":12,"column":33},"end":{"line":89,"column":1}},"line":12},"1":{"name":"commonBeforeEach","decl":{"start":{"line":92,"column":15},"end":{"line":92,"column":31}},"loc":{"start":{"line":92,"column":34},"end":{"line":94,"column":1}},"line":92},"2":{"name":"commonAfterEach","decl":{"start":{"line":97,"column":15},"end":{"line":97,"column":30}},"loc":{"start":{"line":97,"column":33},"end":{"line":99,"column":1}},"line":97},"3":{"name":"commonAfterAll","decl":{"start":{"line":102,"column":15},"end":{"line":102,"column":29}},"loc":{"start":{"line":102,"column":32},"end":{"line":104,"column":1}},"line":102}},"branchMap":{},"s":{"0":4,"1":4,"2":4,"3":4,"4":4,"5":4,"6":4,"7":4,"8":4,"9":4,"10":4,"11":4,"12":4,"13":4,"14":4,"15":4,"16":79,"17":79,"18":4,"19":4,"20":4,"21":4},"f":{"0":4,"1":79,"2":79,"3":4},"b":{},"_coverageSchema":"1a1c01bbd47fc00a2c39e90264f33305004495a9","hash":"1fa779942e9e96f694edf3c86ae85d2944757651"}
,"/Users/lucasking/Code/express-jobly/routes/auth.js": {"path":"/Users/lucasking/Code/express-jobly/routes/auth.js","statementMap":{"0":{"start":{"line":5,"column":19},"end":{"line":5,"column":40}},"1":{"start":{"line":7,"column":13},"end":{"line":7,"column":38}},"2":{"start":{"line":8,"column":16},"end":{"line":8,"column":34}},"3":{"start":{"line":9,"column":15},"end":{"line":9,"column":35}},"4":{"start":{"line":10,"column":24},"end":{"line":10,"column":52}},"5":{"start":{"line":11,"column":23},"end":{"line":11,"column":58}},"6":{"start":{"line":12,"column":27},"end":{"line":12,"column":66}},"7":{"start":{"line":13,"column":28},"end":{"line":13,"column":54}},"8":{"start":{"line":22,"column":0},"end":{"line":37,"column":3}},"9":{"start":{"line":23,"column":2},"end":{"line":36,"column":3}},"10":{"start":{"line":24,"column":22},"end":{"line":24,"column":67}},"11":{"start":{"line":25,"column":4},"end":{"line":28,"column":5}},"12":{"start":{"line":26,"column":19},"end":{"line":26,"column":53}},"13":{"start":{"line":26,"column":45},"end":{"line":26,"column":52}},"14":{"start":{"line":27,"column":6},"end":{"line":27,"column":38}},"15":{"start":{"line":30,"column":35},"end":{"line":30,"column":43}},"16":{"start":{"line":31,"column":17},"end":{"line":31,"column":60}},"17":{"start":{"line":32,"column":18},"end":{"line":32,"column":35}},"18":{"start":{"line":33,"column":4},"end":{"line":33,"column":31}},"19":{"start":{"line":35,"column":4},"end":{"line":35,"column":21}},"20":{"start":{"line":49,"column":0},"end":{"line":63,"column":3}},"21":{"start":{"line":50,"column":2},"end":{"line":62,"column":3}},"22":{"start":{"line":51,"column":22},"end":{"line":51,"column":71}},"23":{"start":{"line":52,"column":4},"end":{"line":55,"column":5}},"24":{"start":{"line":53,"column":19},"end":{"line":53,"column":53}},"25":{"start":{"line":53,"column":45},"end":{"line":53,"column":52}},"26":{"start":{"line":54,"column":6},"end":{"line":54,"column":38}},"27":{"start":{"line":57,"column":20},"end":{"line":57,"column":72}},"28":{"start":{"line":58,"column":18},"end":{"line":58,"column":38}},"29":{"start":{"line":59,"column":4},"end":{"line":59,"column":43}},"30":{"start":{"line":61,"column":4},"end":{"line":61,"column":21}},"31":{"start":{"line":66,"column":0},"end":{"line":66,"column":24}}},"fnMap":{"0":{"name":"(anonymous_0)","decl":{"start":{"line":22,"column":22},"end":{"line":22,"column":23}},"loc":{"start":{"line":22,"column":54},"end":{"line":37,"column":1}},"line":22},"1":{"name":"(anonymous_1)","decl":{"start":{"line":26,"column":40},"end":{"line":26,"column":41}},"loc":{"start":{"line":26,"column":45},"end":{"line":26,"column":52}},"line":26},"2":{"name":"(anonymous_2)","decl":{"start":{"line":49,"column":25},"end":{"line":49,"column":26}},"loc":{"start":{"line":49,"column":57},"end":{"line":63,"column":1}},"line":49},"3":{"name":"(anonymous_3)","decl":{"start":{"line":53,"column":40},"end":{"line":53,"column":41}},"loc":{"start":{"line":53,"column":45},"end":{"line":53,"column":52}},"line":53}},"branchMap":{"0":{"loc":{"start":{"line":25,"column":4},"end":{"line":28,"column":5}},"type":"if","locations":[{"start":{"line":25,"column":4},"end":{"line":28,"column":5}},{"start":{"line":25,"column":4},"end":{"line":28,"column":5}}],"line":25},"1":{"loc":{"start":{"line":52,"column":4},"end":{"line":55,"column":5}},"type":"if","locations":[{"start":{"line":52,"column":4},"end":{"line":55,"column":5}},{"start":{"line":52,"column":4},"end":{"line":55,"column":5}}],"line":52}},"s":{"0":6,"1":6,"2":6,"3":6,"4":6,"5":6,"6":6,"7":6,"8":6,"9":5,"10":5,"11":5,"12":2,"13":2,"14":2,"15":3,"16":3,"17":1,"18":1,"19":4,"20":6,"21":3,"22":3,"23":3,"24":2,"25":5,"26":2,"27":1,"28":1,"29":1,"30":2,"31":6},"f":{"0":5,"1":2,"2":3,"3":5},"b":{"0":[2,3],"1":[2,1]},"_coverageSchema":"1a1c01bbd47fc00a2c39e90264f33305004495a9","hash":"854898391ac15b6ce9165b1c8107e66d7a5232d1"}
,"/Users/lucasking/Code/express-jobly/routes/companies.js": {"path":"/Users/lucasking/Code/express-jobly/routes/companies.js","statementMap":{"0":{"start":{"line":5,"column":19},"end":{"line":5,"column":40}},"1":{"start":{"line":6,"column":16},"end":{"line":6,"column":34}},"2":{"start":{"line":8,"column":28},"end":{"line":8,"column":54}},"3":{"start":{"line":9,"column":42},"end":{"line":9,"column":71}},"4":{"start":{"line":10,"column":16},"end":{"line":10,"column":44}},"5":{"start":{"line":12,"column":25},"end":{"line":12,"column":62}},"6":{"start":{"line":13,"column":28},"end":{"line":13,"column":68}},"7":{"start":{"line":15,"column":15},"end":{"line":15,"column":35}},"8":{"start":{"line":27,"column":0},"end":{"line":40,"column":3}},"9":{"start":{"line":28,"column":2},"end":{"line":39,"column":3}},"10":{"start":{"line":29,"column":22},"end":{"line":29,"column":69}},"11":{"start":{"line":30,"column":4},"end":{"line":33,"column":5}},"12":{"start":{"line":31,"column":19},"end":{"line":31,"column":53}},"13":{"start":{"line":31,"column":45},"end":{"line":31,"column":52}},"14":{"start":{"line":32,"column":6},"end":{"line":32,"column":38}},"15":{"start":{"line":35,"column":20},"end":{"line":35,"column":50}},"16":{"start":{"line":36,"column":4},"end":{"line":36,"column":45}},"17":{"start":{"line":38,"column":4},"end":{"line":38,"column":21}},"18":{"start":{"line":53,"column":0},"end":{"line":61,"column":3}},"19":{"start":{"line":54,"column":2},"end":{"line":60,"column":3}},"20":{"start":{"line":56,"column":22},"end":{"line":56,"column":54}},"21":{"start":{"line":57,"column":4},"end":{"line":57,"column":35}},"22":{"start":{"line":59,"column":4},"end":{"line":59,"column":21}},"23":{"start":{"line":71,"column":0},"end":{"line":78,"column":3}},"24":{"start":{"line":72,"column":2},"end":{"line":77,"column":3}},"25":{"start":{"line":73,"column":20},"end":{"line":73,"column":56}},"26":{"start":{"line":74,"column":4},"end":{"line":74,"column":33}},"27":{"start":{"line":76,"column":4},"end":{"line":76,"column":21}},"28":{"start":{"line":91,"column":0},"end":{"line":104,"column":3}},"29":{"start":{"line":92,"column":2},"end":{"line":103,"column":3}},"30":{"start":{"line":93,"column":22},"end":{"line":93,"column":72}},"31":{"start":{"line":94,"column":4},"end":{"line":97,"column":5}},"32":{"start":{"line":95,"column":19},"end":{"line":95,"column":53}},"33":{"start":{"line":95,"column":45},"end":{"line":95,"column":52}},"34":{"start":{"line":96,"column":6},"end":{"line":96,"column":38}},"35":{"start":{"line":99,"column":20},"end":{"line":99,"column":69}},"36":{"start":{"line":100,"column":4},"end":{"line":100,"column":33}},"37":{"start":{"line":102,"column":4},"end":{"line":102,"column":21}},"38":{"start":{"line":111,"column":0},"end":{"line":118,"column":3}},"39":{"start":{"line":112,"column":2},"end":{"line":117,"column":3}},"40":{"start":{"line":113,"column":4},"end":{"line":113,"column":44}},"41":{"start":{"line":114,"column":4},"end":{"line":114,"column":52}},"42":{"start":{"line":116,"column":4},"end":{"line":116,"column":21}},"43":{"start":{"line":121,"column":0},"end":{"line":121,"column":24}}},"fnMap":{"0":{"name":"(anonymous_0)","decl":{"start":{"line":27,"column":32},"end":{"line":27,"column":33}},"loc":{"start":{"line":27,"column":64},"end":{"line":40,"column":1}},"line":27},"1":{"name":"(anonymous_1)","decl":{"start":{"line":31,"column":40},"end":{"line":31,"column":41}},"loc":{"start":{"line":31,"column":45},"end":{"line":31,"column":52}},"line":31},"2":{"name":"(anonymous_2)","decl":{"start":{"line":53,"column":16},"end":{"line":53,"column":17}},"loc":{"start":{"line":53,"column":48},"end":{"line":61,"column":1}},"line":53},"3":{"name":"(anonymous_3)","decl":{"start":{"line":71,"column":23},"end":{"line":71,"column":24}},"loc":{"start":{"line":71,"column":55},"end":{"line":78,"column":1}},"line":71},"4":{"name":"(anonymous_4)","decl":{"start":{"line":91,"column":40},"end":{"line":91,"column":41}},"loc":{"start":{"line":91,"column":72},"end":{"line":104,"column":1}},"line":91},"5":{"name":"(anonymous_5)","decl":{"start":{"line":95,"column":40},"end":{"line":95,"column":41}},"loc":{"start":{"line":95,"column":45},"end":{"line":95,"column":52}},"line":95},"6":{"name":"(anonymous_6)","decl":{"start":{"line":111,"column":41},"end":{"line":111,"column":42}},"loc":{"start":{"line":111,"column":73},"end":{"line":118,"column":1}},"line":111}},"branchMap":{"0":{"loc":{"start":{"line":30,"column":4},"end":{"line":33,"column":5}},"type":"if","locations":[{"start":{"line":30,"column":4},"end":{"line":33,"column":5}},{"start":{"line":30,"column":4},"end":{"line":33,"column":5}}],"line":30},"1":{"loc":{"start":{"line":94,"column":4},"end":{"line":97,"column":5}},"type":"if","locations":[{"start":{"line":94,"column":4},"end":{"line":97,"column":5}},{"start":{"line":94,"column":4},"end":{"line":97,"column":5}}],"line":94}},"s":{"0":6,"1":6,"2":6,"3":6,"4":6,"5":6,"6":6,"7":6,"8":6,"9":3,"10":3,"11":3,"12":2,"13":3,"14":2,"15":1,"16":1,"17":2,"18":6,"19":4,"20":4,"21":2,"22":2,"23":6,"24":3,"25":3,"26":2,"27":1,"28":6,"29":4,"30":4,"31":4,"32":2,"33":2,"34":2,"35":2,"36":1,"37":3,"38":6,"39":2,"40":2,"41":1,"42":1,"43":6},"f":{"0":3,"1":3,"2":4,"3":3,"4":4,"5":2,"6":2},"b":{"0":[2,1],"1":[2,2]},"_coverageSchema":"1a1c01bbd47fc00a2c39e90264f33305004495a9","hash":"e6e2d126995939c2052bac37ef9da9a9bfb6bad0"}
,"/Users/lucasking/Code/express-jobly/routes/jobs.js": {"path":"/Users/lucasking/Code/express-jobly/routes/jobs.js","statementMap":{"0":{"start":{"line":1,"column":19},"end":{"line":1,"column":40}},"1":{"start":{"line":3,"column":16},"end":{"line":3,"column":34}},"2":{"start":{"line":4,"column":45},"end":{"line":4,"column":74}},"3":{"start":{"line":5,"column":28},"end":{"line":5,"column":54}},"4":{"start":{"line":6,"column":12},"end":{"line":6,"column":36}},"5":{"start":{"line":8,"column":22},"end":{"line":8,"column":56}},"6":{"start":{"line":9,"column":25},"end":{"line":9,"column":62}},"7":{"start":{"line":11,"column":15},"end":{"line":11,"column":31}},"8":{"start":{"line":23,"column":0},"end":{"line":36,"column":3}},"9":{"start":{"line":24,"column":2},"end":{"line":35,"column":3}},"10":{"start":{"line":25,"column":22},"end":{"line":25,"column":66}},"11":{"start":{"line":26,"column":4},"end":{"line":29,"column":5}},"12":{"start":{"line":27,"column":19},"end":{"line":27,"column":53}},"13":{"start":{"line":27,"column":45},"end":{"line":27,"column":52}},"14":{"start":{"line":28,"column":6},"end":{"line":28,"column":38}},"15":{"start":{"line":31,"column":16},"end":{"line":31,"column":42}},"16":{"start":{"line":32,"column":4},"end":{"line":32,"column":41}},"17":{"start":{"line":34,"column":4},"end":{"line":34,"column":21}},"18":{"start":{"line":51,"column":0},"end":{"line":58,"column":3}},"19":{"start":{"line":52,"column":2},"end":{"line":57,"column":3}},"20":{"start":{"line":53,"column":17},"end":{"line":53,"column":45}},"21":{"start":{"line":54,"column":4},"end":{"line":54,"column":30}},"22":{"start":{"line":56,"column":4},"end":{"line":56,"column":21}},"23":{"start":{"line":67,"column":0},"end":{"line":74,"column":3}},"24":{"start":{"line":68,"column":2},"end":{"line":73,"column":3}},"25":{"start":{"line":69,"column":16},"end":{"line":69,"column":44}},"26":{"start":{"line":70,"column":4},"end":{"line":70,"column":29}},"27":{"start":{"line":72,"column":4},"end":{"line":72,"column":21}},"28":{"start":{"line":87,"column":0},"end":{"line":100,"column":3}},"29":{"start":{"line":88,"column":2},"end":{"line":99,"column":3}},"30":{"start":{"line":89,"column":22},"end":{"line":89,"column":69}},"31":{"start":{"line":90,"column":4},"end":{"line":93,"column":5}},"32":{"start":{"line":91,"column":19},"end":{"line":91,"column":53}},"33":{"start":{"line":91,"column":45},"end":{"line":91,"column":52}},"34":{"start":{"line":92,"column":6},"end":{"line":92,"column":38}},"35":{"start":{"line":95,"column":16},"end":{"line":95,"column":57}},"36":{"start":{"line":96,"column":4},"end":{"line":96,"column":29}},"37":{"start":{"line":98,"column":4},"end":{"line":98,"column":21}},"38":{"start":{"line":107,"column":0},"end":{"line":114,"column":3}},"39":{"start":{"line":108,"column":2},"end":{"line":113,"column":3}},"40":{"start":{"line":109,"column":4},"end":{"line":109,"column":36}},"41":{"start":{"line":110,"column":4},"end":{"line":110,"column":48}},"42":{"start":{"line":112,"column":4},"end":{"line":112,"column":21}},"43":{"start":{"line":117,"column":0},"end":{"line":117,"column":24}}},"fnMap":{"0":{"name":"(anonymous_0)","decl":{"start":{"line":23,"column":32},"end":{"line":23,"column":33}},"loc":{"start":{"line":23,"column":64},"end":{"line":36,"column":1}},"line":23},"1":{"name":"(anonymous_1)","decl":{"start":{"line":27,"column":40},"end":{"line":27,"column":41}},"loc":{"start":{"line":27,"column":45},"end":{"line":27,"column":52}},"line":27},"2":{"name":"(anonymous_2)","decl":{"start":{"line":51,"column":16},"end":{"line":51,"column":17}},"loc":{"start":{"line":51,"column":48},"end":{"line":58,"column":1}},"line":51},"3":{"name":"(anonymous_3)","decl":{"start":{"line":67,"column":19},"end":{"line":67,"column":20}},"loc":{"start":{"line":67,"column":51},"end":{"line":74,"column":1}},"line":67},"4":{"name":"(anonymous_4)","decl":{"start":{"line":87,"column":36},"end":{"line":87,"column":37}},"loc":{"start":{"line":87,"column":68},"end":{"line":100,"column":1}},"line":87},"5":{"name":"(anonymous_5)","decl":{"start":{"line":91,"column":40},"end":{"line":91,"column":41}},"loc":{"start":{"line":91,"column":45},"end":{"line":91,"column":52}},"line":91},"6":{"name":"(anonymous_6)","decl":{"start":{"line":107,"column":37},"end":{"line":107,"column":38}},"loc":{"start":{"line":107,"column":69},"end":{"line":114,"column":1}},"line":107}},"branchMap":{"0":{"loc":{"start":{"line":26,"column":4},"end":{"line":29,"column":5}},"type":"if","locations":[{"start":{"line":26,"column":4},"end":{"line":29,"column":5}},{"start":{"line":26,"column":4},"end":{"line":29,"column":5}}],"line":26},"1":{"loc":{"start":{"line":90,"column":4},"end":{"line":93,"column":5}},"type":"if","locations":[{"start":{"line":90,"column":4},"end":{"line":93,"column":5}},{"start":{"line":90,"column":4},"end":{"line":93,"column":5}}],"line":90}},"s":{"0":6,"1":6,"2":6,"3":6,"4":6,"5":6,"6":6,"7":6,"8":6,"9":3,"10":3,"11":3,"12":1,"13":2,"14":1,"15":2,"16":1,"17":2,"18":6,"19":5,"20":5,"21":4,"22":1,"23":6,"24":2,"25":2,"26":1,"27":1,"28":6,"29":4,"30":4,"31":4,"32":2,"33":2,"34":2,"35":2,"36":1,"37":3,"38":6,"39":2,"40":2,"41":1,"42":1,"43":6},"f":{"0":3,"1":2,"2":5,"3":2,"4":4,"5":2,"6":2},"b":{"0":[1,2],"1":[2,2]},"_coverageSchema":"1a1c01bbd47fc00a2c39e90264f33305004495a9","hash":"3ac63ebcd67e6bdb387d4911df584763f6a5aa58"}
,"/Users/lucasking/Code/express-jobly/routes/users.js": {"path":"/Users/lucasking/Code/express-jobly/routes/users.js","statementMap":{"0":{"start":{"line":5,"column":19},"end":{"line":5,"column":40}},"1":{"start":{"line":7,"column":16},"end":{"line":7,"column":34}},"2":{"start":{"line":8,"column":45},"end":{"line":8,"column":74}},"3":{"start":{"line":9,"column":28},"end":{"line":9,"column":54}},"4":{"start":{"line":10,"column":13},"end":{"line":10,"column":38}},"5":{"start":{"line":11,"column":24},"end":{"line":11,"column":52}},"6":{"start":{"line":12,"column":22},"end":{"line":12,"column":56}},"7":{"start":{"line":13,"column":25},"end":{"line":13,"column":62}},"8":{"start":{"line":14,"column":29},"end":{"line":14,"column":70}},"9":{"start":{"line":16,"column":15},"end":{"line":16,"column":31}},"10":{"start":{"line":31,"column":0},"end":{"line":45,"column":3}},"11":{"start":{"line":32,"column":2},"end":{"line":44,"column":3}},"12":{"start":{"line":33,"column":22},"end":{"line":33,"column":66}},"13":{"start":{"line":34,"column":4},"end":{"line":37,"column":5}},"14":{"start":{"line":35,"column":19},"end":{"line":35,"column":53}},"15":{"start":{"line":35,"column":45},"end":{"line":35,"column":52}},"16":{"start":{"line":36,"column":6},"end":{"line":36,"column":38}},"17":{"start":{"line":39,"column":17},"end":{"line":39,"column":46}},"18":{"start":{"line":40,"column":18},"end":{"line":40,"column":35}},"19":{"start":{"line":41,"column":4},"end":{"line":41,"column":49}},"20":{"start":{"line":43,"column":4},"end":{"line":43,"column":21}},"21":{"start":{"line":53,"column":0},"end":{"line":68,"column":3}},"22":{"start":{"line":54,"column":2},"end":{"line":67,"column":3}},"23":{"start":{"line":55,"column":4},"end":{"line":55,"column":35}},"24":{"start":{"line":56,"column":22},"end":{"line":56,"column":75}},"25":{"start":{"line":57,"column":4},"end":{"line":60,"column":5}},"26":{"start":{"line":58,"column":19},"end":{"line":58,"column":53}},"27":{"start":{"line":58,"column":45},"end":{"line":58,"column":52}},"28":{"start":{"line":59,"column":6},"end":{"line":59,"column":38}},"29":{"start":{"line":62,"column":4},"end":{"line":62,"column":46}},"30":{"start":{"line":63,"column":24},"end":{"line":63,"column":61}},"31":{"start":{"line":64,"column":4},"end":{"line":64,"column":64}},"32":{"start":{"line":66,"column":4},"end":{"line":66,"column":21}},"33":{"start":{"line":78,"column":0},"end":{"line":85,"column":3}},"34":{"start":{"line":79,"column":2},"end":{"line":84,"column":3}},"35":{"start":{"line":80,"column":18},"end":{"line":80,"column":38}},"36":{"start":{"line":81,"column":4},"end":{"line":81,"column":31}},"37":{"start":{"line":83,"column":4},"end":{"line":83,"column":21}},"38":{"start":{"line":95,"column":0},"end":{"line":102,"column":3}},"39":{"start":{"line":96,"column":2},"end":{"line":101,"column":3}},"40":{"start":{"line":97,"column":17},"end":{"line":97,"column":52}},"41":{"start":{"line":98,"column":4},"end":{"line":98,"column":30}},"42":{"start":{"line":100,"column":4},"end":{"line":100,"column":21}},"43":{"start":{"line":115,"column":0},"end":{"line":128,"column":3}},"44":{"start":{"line":116,"column":2},"end":{"line":127,"column":3}},"45":{"start":{"line":117,"column":22},"end":{"line":117,"column":69}},"46":{"start":{"line":118,"column":4},"end":{"line":121,"column":5}},"47":{"start":{"line":119,"column":19},"end":{"line":119,"column":53}},"48":{"start":{"line":119,"column":45},"end":{"line":119,"column":52}},"49":{"start":{"line":120,"column":6},"end":{"line":120,"column":38}},"50":{"start":{"line":123,"column":17},"end":{"line":123,"column":65}},"51":{"start":{"line":124,"column":4},"end":{"line":124,"column":30}},"52":{"start":{"line":126,"column":4},"end":{"line":126,"column":21}},"53":{"start":{"line":136,"column":0},"end":{"line":143,"column":3}},"54":{"start":{"line":137,"column":2},"end":{"line":142,"column":3}},"55":{"start":{"line":138,"column":4},"end":{"line":138,"column":43}},"56":{"start":{"line":139,"column":4},"end":{"line":139,"column":54}},"57":{"start":{"line":141,"column":4},"end":{"line":141,"column":21}},"58":{"start":{"line":146,"column":0},"end":{"line":146,"column":24}}},"fnMap":{"0":{"name":"(anonymous_0)","decl":{"start":{"line":31,"column":32},"end":{"line":31,"column":33}},"loc":{"start":{"line":31,"column":64},"end":{"line":45,"column":1}},"line":31},"1":{"name":"(anonymous_1)","decl":{"start":{"line":35,"column":40},"end":{"line":35,"column":41}},"loc":{"start":{"line":35,"column":45},"end":{"line":35,"column":52}},"line":35},"2":{"name":"(anonymous_2)","decl":{"start":{"line":53,"column":54},"end":{"line":53,"column":55}},"loc":{"start":{"line":53,"column":86},"end":{"line":68,"column":1}},"line":53},"3":{"name":"(anonymous_3)","decl":{"start":{"line":58,"column":40},"end":{"line":58,"column":41}},"loc":{"start":{"line":58,"column":45},"end":{"line":58,"column":52}},"line":58},"4":{"name":"(anonymous_4)","decl":{"start":{"line":78,"column":31},"end":{"line":78,"column":32}},"loc":{"start":{"line":78,"column":63},"end":{"line":85,"column":1}},"line":78},"5":{"name":"(anonymous_5)","decl":{"start":{"line":95,"column":44},"end":{"line":95,"column":45}},"loc":{"start":{"line":95,"column":76},"end":{"line":102,"column":1}},"line":95},"6":{"name":"(anonymous_6)","decl":{"start":{"line":115,"column":46},"end":{"line":115,"column":47}},"loc":{"start":{"line":115,"column":78},"end":{"line":128,"column":1}},"line":115},"7":{"name":"(anonymous_7)","decl":{"start":{"line":119,"column":40},"end":{"line":119,"column":41}},"loc":{"start":{"line":119,"column":45},"end":{"line":119,"column":52}},"line":119},"8":{"name":"(anonymous_8)","decl":{"start":{"line":136,"column":47},"end":{"line":136,"column":48}},"loc":{"start":{"line":136,"column":79},"end":{"line":143,"column":1}},"line":136}},"branchMap":{"0":{"loc":{"start":{"line":34,"column":4},"end":{"line":37,"column":5}},"type":"if","locations":[{"start":{"line":34,"column":4},"end":{"line":37,"column":5}},{"start":{"line":34,"column":4},"end":{"line":37,"column":5}}],"line":34},"1":{"loc":{"start":{"line":57,"column":4},"end":{"line":60,"column":5}},"type":"if","locations":[{"start":{"line":57,"column":4},"end":{"line":60,"column":5}},{"start":{"line":57,"column":4},"end":{"line":60,"column":5}}],"line":57},"2":{"loc":{"start":{"line":118,"column":4},"end":{"line":121,"column":5}},"type":"if","locations":[{"start":{"line":118,"column":4},"end":{"line":121,"column":5}},{"start":{"line":118,"column":4},"end":{"line":121,"column":5}}],"line":118}},"s":{"0":6,"1":6,"2":6,"3":6,"4":6,"5":6,"6":6,"7":6,"8":6,"9":6,"10":6,"11":4,"12":4,"13":4,"14":2,"15":5,"16":2,"17":2,"18":2,"19":2,"20":2,"21":6,"22":0,"23":0,"24":0,"25":0,"26":0,"27":0,"28":0,"29":0,"30":0,"31":0,"32":0,"33":6,"34":2,"35":2,"36":0,"37":2,"38":6,"39":4,"40":4,"41":0,"42":4,"43":6,"44":5,"45":5,"46":5,"47":1,"48":1,"49":1,"50":4,"51":3,"52":2,"53":6,"54":3,"55":3,"56":2,"57":1,"58":6},"f":{"0":4,"1":5,"2":0,"3":0,"4":2,"5":4,"6":5,"7":1,"8":3},"b":{"0":[2,2],"1":[0,0],"2":[1,4]},"_coverageSchema":"1a1c01bbd47fc00a2c39e90264f33305004495a9","hash":"1db6aaaa5a9aed10a2d05b2bce50b4b8117e7d03"}
}
