TN:
SF:app.js
FN:33,(anonymous_0)
FN:38,(anonymous_1)
FNF:2
FNH:2
FNDA:2,(anonymous_0)
FNDA:57,(anonymous_1)
DA:5,6
DA:6,6
DA:8,6
DA:10,6
DA:11,6
DA:12,6
DA:13,6
DA:14,6
DA:16,6
DA:18,6
DA:20,6
DA:21,6
DA:22,6
DA:23,6
DA:24,6
DA:26,6
DA:27,6
DA:28,6
DA:29,6
DA:33,6
DA:34,2
DA:38,6
DA:39,57
DA:40,57
DA:41,57
DA:43,57
DA:48,6
LF:27
LH:27
BRDA:39,0,0,1
BRDA:39,0,1,56
BRDA:40,1,0,57
BRDA:40,1,1,4
BRF:4
BRH:4
end_of_record
TN:
SF:config.js
FN:13,getDatabaseUri
FNF:1
FNH:1
FNDA:24,getDatabaseUri
DA:5,12
DA:6,12
DA:8,12
DA:10,12
DA:14,24
DA:22,12
DA:24,12
DA:25,12
DA:26,12
DA:27,12
DA:28,12
DA:29,12
DA:31,12
LF:13
LH:13
BRDA:8,0,0,12
BRDA:8,0,1,11
BRDA:10,1,0,12
BRDA:10,1,1,11
BRDA:14,2,0,21
BRDA:14,2,1,3
BRDA:16,3,0,3
BRDA:16,3,1,1
BRDA:22,4,0,11
BRDA:22,4,1,1
BRF:10
BRH:10
end_of_record
TN:
SF:db.js
FN:8,(anonymous_0)
FNF:1
FNH:1
FNDA:35,(anonymous_0)
DA:5,9
DA:6,9
DA:7,9
DA:8,9
DA:9,35
DA:12,9
DA:16,9
DA:18,9
LF:8
LH:8
BRF:0
BRH:0
end_of_record
TN:
SF:expressError.js
FN:8,(anonymous_0)
FN:18,(anonymous_1)
FN:26,(anonymous_2)
FN:34,(anonymous_3)
FN:42,(anonymous_4)
FNF:5
FNH:4
FNDA:78,(anonymous_0)
FNDA:24,(anonymous_1)
FNDA:30,(anonymous_2)
FNDA:24,(anonymous_3)
FNDA:0,(anonymous_4)
DA:9,78
DA:10,78
DA:11,78
DA:19,24
DA:27,30
DA:35,24
DA:43,0
DA:47,10
LF:8
LH:7
BRDA:18,0,0,2
BRDA:26,1,0,26
BRDA:34,2,0,0
BRDA:42,3,0,0
BRF:4
BRH:2
end_of_record
TN:
SF:helpers/sql.js
FN:11,sqlForPartialUpdate
FN:16,(anonymous_1)
FNF:2
FNH:2
FNDA:22,sqlForPartialUpdate
FNDA:39,(anonymous_1)
DA:1,9
DA:12,22
DA:13,22
DA:16,19
DA:17,39
DA:23,19
DA:29,9
LF:7
LH:7
BRDA:13,0,0,3
BRDA:13,0,1,19
BRDA:17,1,0,39
BRDA:17,1,1,25
BRF:4
BRH:4
end_of_record
TN:
SF:helpers/tokens.js
FN:6,createToken
FNF:1
FNH:1
FNDA:15,createToken
DA:1,7
DA:2,7
DA:7,15
DA:10,15
DA:15,15
DA:18,7
LF:6
LH:6
BRDA:12,0,0,15
BRDA:12,0,1,8
BRF:2
BRH:2
end_of_record
TN:
SF:middleware/auth.js
FN:18,authenticateJWT
FN:36,ensureLoggedIn
FN:50,ensureIsAdmin
FN:63,ensureCorrectUser
FNF:4
FNH:4
FNDA:84,authenticateJWT
FNDA:2,ensureLoggedIn
FNDA:41,ensureIsAdmin
FNDA:23,ensureCorrectUser
DA:5,7
DA:6,7
DA:7,7
DA:19,84
DA:20,84
DA:21,84
DA:22,53
DA:23,53
DA:25,83
DA:27,1
DA:37,2
DA:38,2
DA:39,1
DA:41,1
DA:51,41
DA:52,41
DA:53,25
DA:55,16
DA:64,23
DA:65,23
DA:66,23
DA:67,9
DA:68,14
DA:70,9
DA:76,7
LF:25
LH:25
BRDA:20,0,0,84
BRDA:20,0,1,83
BRDA:21,1,0,53
BRDA:21,1,1,31
BRDA:38,2,0,1
BRDA:38,2,1,1
BRDA:52,3,0,16
BRDA:52,3,1,25
BRDA:52,4,0,41
BRDA:52,4,1,35
BRDA:66,5,0,9
BRDA:66,5,1,14
BRDA:66,6,0,23
BRDA:66,6,1,19
BRDA:66,6,2,11
BRF:15
BRH:15
end_of_record
TN:
SF:models/_testCommon.js
FN:6,commonBeforeAll
FN:41,commonBeforeEach
FN:45,commonAfterEach
FN:49,commonAfterAll
FNF:4
FNH:4
FNDA:3,commonBeforeAll
FNDA:40,commonBeforeEach
FNDA:40,commonAfterEach
FNDA:3,commonAfterAll
DA:1,3
DA:3,3
DA:4,3
DA:8,3
DA:10,3
DA:12,3
DA:18,3
DA:34,3
DA:42,40
DA:46,40
DA:50,3
DA:54,3
LF:12
LH:12
BRF:0
BRH:0
end_of_record
TN:
SF:models/company.js
FN:20,(anonymous_0)
FN:53,(anonymous_1)
FN:114,(anonymous_2)
FN:150,(anonymous_3)
FN:181,(anonymous_4)
FNF:5
FNH:5
FNDA:16,(anonymous_0)
FNDA:7,(anonymous_1)
FNDA:5,(anonymous_2)
FNDA:6,(anonymous_3)
FNDA:4,(anonymous_4)
DA:3,7
DA:4,7
DA:5,7
DA:6,7
DA:21,16
DA:27,16
DA:28,1
DA:30,15
DA:43,15
DA:45,15
DA:55,7
DA:56,7
DA:57,7
DA:59,7
DA:60,7
DA:63,7
DA:64,2
DA:65,2
DA:69,5
DA:70,7
DA:71,2
DA:72,2
DA:73,2
DA:76,7
DA:77,2
DA:78,2
DA:79,2
DA:82,7
DA:83,2
DA:84,2
DA:85,2
DA:89,5
DA:92,5
DA:102,4
DA:116,5
DA:129,5
DA:131,5
DA:133,5
DA:135,3
DA:151,6
DA:157,5
DA:160,5
DA:168,5
DA:169,5
DA:171,5
DA:173,3
DA:182,4
DA:188,4
DA:190,4
DA:195,7
LF:50
LH:50
BRDA:27,0,0,1
BRDA:27,0,1,15
BRDA:63,1,0,2
BRDA:63,1,1,5
BRDA:63,2,0,7
BRDA:63,2,1,4
BRDA:63,2,2,4
BRDA:70,3,0,2
BRDA:70,3,1,5
BRDA:71,4,0,0
BRDA:71,4,1,2
BRDA:76,5,0,2
BRDA:76,5,1,5
BRDA:77,6,0,0
BRDA:77,6,1,2
BRDA:82,7,0,2
BRDA:82,7,1,5
BRDA:83,8,0,2
BRDA:83,8,1,0
BRDA:133,9,0,2
BRDA:133,9,1,3
BRDA:171,10,0,2
BRDA:171,10,1,3
BRDA:190,11,0,2
BRDA:190,11,1,2
BRF:25
BRH:22
end_of_record
TN:
SF:models/job.js
FN:19,(anonymous_0)
FN:56,(anonymous_1)
FN:107,(anonymous_2)
FN:138,(anonymous_3)
FN:142,(anonymous_4)
FN:175,(anonymous_5)
FNF:6
FNH:6
FNDA:17,(anonymous_0)
FNDA:7,(anonymous_1)
FNDA:4,(anonymous_2)
FNDA:6,(anonymous_3)
FNDA:12,(anonymous_4)
FNDA:4,(anonymous_5)
DA:1,7
DA:2,7
DA:3,7
DA:6,7
DA:20,17
DA:21,17
DA:27,17
DA:28,1
DA:30,16
DA:42,15
DA:46,15
DA:48,2
DA:58,7
DA:59,7
DA:60,7
DA:63,7
DA:64,6
DA:65,1
DA:66,1
DA:67,1
DA:70,6
DA:71,1
DA:72,1
DA:73,1
DA:74,1
DA:78,6
DA:79,1
DA:80,1
DA:81,1
DA:85,7
DA:86,7
DA:96,6
DA:108,4
DA:118,4
DA:120,4
DA:122,2
DA:140,6
DA:142,6
DA:143,12
DA:146,6
DA:148,5
DA:151,5
DA:159,5
DA:160,5
DA:162,5
DA:164,5
DA:166,3
DA:176,4
DA:182,4
DA:184,4
DA:188,7
LF:51
LH:51
BRDA:27,0,0,1
BRDA:27,0,1,16
BRDA:64,1,0,1
BRDA:64,1,1,5
BRDA:65,2,0,0
BRDA:65,2,1,1
BRDA:70,3,0,1
BRDA:70,3,1,5
BRDA:71,4,0,1
BRDA:71,4,1,0
BRDA:72,5,0,1
BRDA:72,5,1,0
BRDA:78,6,0,1
BRDA:78,6,1,5
BRDA:79,7,0,1
BRDA:79,7,1,0
BRDA:120,8,0,2
BRDA:120,8,1,2
BRDA:143,9,0,1
BRDA:143,9,1,11
BRDA:164,10,0,2
BRDA:164,10,1,3
BRDA:184,11,0,2
BRDA:184,11,1,2
BRF:24
BRH:20
end_of_record
TN:
SF:models/user.js
FN:24,(anonymous_0)
FN:59,(anonymous_1)
FN:104,(anonymous_2)
FN:128,(anonymous_3)
FN:168,(anonymous_4)
FN:201,(anonymous_5)
FN:215,(anonymous_6)
FNF:7
FNH:6
FNDA:7,(anonymous_0)
FNDA:19,(anonymous_1)
FNDA:3,(anonymous_2)
FNDA:6,(anonymous_3)
FNDA:8,(anonymous_4)
FNDA:5,(anonymous_5)
FNDA:0,(anonymous_6)
DA:3,7
DA:4,7
DA:5,7
DA:10,7
DA:12,7
DA:26,7
DA:38,7
DA:40,7
DA:42,4
DA:43,4
DA:44,3
DA:45,3
DA:49,4
DA:61,19
DA:68,19
DA:69,1
DA:72,18
DA:74,18
DA:94,18
DA:96,18
DA:105,3
DA:117,0
DA:129,6
DA:144,6
DA:146,6
DA:148,0
DA:169,8
DA:170,2
DA:173,8
DA:180,7
DA:182,7
DA:190,7
DA:191,7
DA:193,7
DA:195,5
DA:196,5
DA:202,5
DA:209,5
DA:211,5
DA:216,0
DA:217,0
DA:224,0
DA:225,0
DA:229,0
DA:241,0
DA:243,0
DA:246,0
DA:253,7
LF:48
LH:38
BRDA:40,0,0,4
BRDA:40,0,1,3
BRDA:43,1,0,3
BRDA:43,1,1,1
BRDA:68,2,0,1
BRDA:68,2,1,18
BRDA:146,3,0,6
BRDA:146,3,1,0
BRDA:169,4,0,2
BRDA:169,4,1,6
BRDA:193,5,0,2
BRDA:193,5,1,5
BRDA:211,6,0,2
BRDA:211,6,1,3
BRDA:224,7,0,0
BRDA:224,7,1,0
BRF:16
BRH:13
end_of_record
TN:
SF:routes/_testCommon.js
FN:12,commonBeforeAll
FN:92,commonBeforeEach
FN:97,commonAfterEach
FN:102,commonAfterAll
FNF:4
FNH:4
FNDA:4,commonBeforeAll
FNDA:79,commonBeforeEach
FNDA:79,commonAfterEach
FNDA:4,commonAfterAll
DA:4,4
DA:5,4
DA:6,4
DA:7,4
DA:8,4
DA:14,4
DA:16,4
DA:18,4
DA:26,4
DA:34,4
DA:43,4
DA:50,4
DA:57,4
DA:65,4
DA:73,4
DA:81,4
DA:93,79
DA:98,79
DA:103,4
DA:107,4
DA:110,4
DA:113,4
LF:22
LH:22
BRF:0
BRH:0
end_of_record
TN:
SF:routes/auth.js
FN:22,(anonymous_0)
FN:26,(anonymous_1)
FN:49,(anonymous_2)
FN:53,(anonymous_3)
FNF:4
FNH:4
FNDA:5,(anonymous_0)
FNDA:2,(anonymous_1)
FNDA:3,(anonymous_2)
FNDA:5,(anonymous_3)
DA:5,6
DA:7,6
DA:8,6
DA:9,6
DA:10,6
DA:11,6
DA:12,6
DA:13,6
DA:22,6
DA:23,5
DA:24,5
DA:25,5
DA:26,2
DA:27,2
DA:30,3
DA:31,3
DA:32,1
DA:33,1
DA:35,4
DA:49,6
DA:50,3
DA:51,3
DA:52,3
DA:53,5
DA:54,2
DA:57,1
DA:58,1
DA:59,1
DA:61,2
DA:66,6
LF:30
LH:30
BRDA:25,0,0,2
BRDA:25,0,1,3
BRDA:52,1,0,2
BRDA:52,1,1,1
BRF:4
BRH:4
end_of_record
TN:
SF:routes/companies.js
FN:27,(anonymous_0)
FN:31,(anonymous_1)
FN:53,(anonymous_2)
FN:71,(anonymous_3)
FN:91,(anonymous_4)
FN:95,(anonymous_5)
FN:111,(anonymous_6)
FNF:7
FNH:7
FNDA:3,(anonymous_0)
FNDA:3,(anonymous_1)
FNDA:4,(anonymous_2)
FNDA:3,(anonymous_3)
FNDA:4,(anonymous_4)
FNDA:2,(anonymous_5)
FNDA:2,(anonymous_6)
DA:5,6
DA:6,6
DA:8,6
DA:9,6
DA:10,6
DA:12,6
DA:13,6
DA:15,6
DA:27,6
DA:28,3
DA:29,3
DA:30,3
DA:31,3
DA:32,2
DA:35,1
DA:36,1
DA:38,2
DA:53,6
DA:54,4
DA:56,4
DA:57,2
DA:59,2
DA:71,6
DA:72,3
DA:73,3
DA:74,2
DA:76,1
DA:91,6
DA:92,4
DA:93,4
DA:94,4
DA:95,2
DA:96,2
DA:99,2
DA:100,1
DA:102,3
DA:111,6
DA:112,2
DA:113,2
DA:114,1
DA:116,1
DA:121,6
LF:42
LH:42
BRDA:30,0,0,2
BRDA:30,0,1,1
BRDA:94,1,0,2
BRDA:94,1,1,2
BRF:4
BRH:4
end_of_record
TN:
SF:routes/jobs.js
FN:23,(anonymous_0)
FN:27,(anonymous_1)
FN:51,(anonymous_2)
FN:67,(anonymous_3)
FN:87,(anonymous_4)
FN:91,(anonymous_5)
FN:107,(anonymous_6)
FNF:7
FNH:7
FNDA:3,(anonymous_0)
FNDA:2,(anonymous_1)
FNDA:5,(anonymous_2)
FNDA:2,(anonymous_3)
FNDA:4,(anonymous_4)
FNDA:2,(anonymous_5)
FNDA:2,(anonymous_6)
DA:1,6
DA:3,6
DA:4,6
DA:5,6
DA:6,6
DA:8,6
DA:9,6
DA:11,6
DA:23,6
DA:24,3
DA:25,3
DA:26,3
DA:27,2
DA:28,1
DA:31,2
DA:32,1
DA:34,2
DA:51,6
DA:52,5
DA:53,5
DA:54,4
DA:56,1
DA:67,6
DA:68,2
DA:69,2
DA:70,1
DA:72,1
DA:87,6
DA:88,4
DA:89,4
DA:90,4
DA:91,2
DA:92,2
DA:95,2
DA:96,1
DA:98,3
DA:107,6
DA:108,2
DA:109,2
DA:110,1
DA:112,1
DA:117,6
LF:42
LH:42
BRDA:26,0,0,1
BRDA:26,0,1,2
BRDA:90,1,0,2
BRDA:90,1,1,2
BRF:4
BRH:4
end_of_record
TN:
SF:routes/users.js
FN:31,(anonymous_0)
FN:35,(anonymous_1)
FN:53,(anonymous_2)
FN:58,(anonymous_3)
FN:78,(anonymous_4)
FN:95,(anonymous_5)
FN:115,(anonymous_6)
FN:119,(anonymous_7)
FN:136,(anonymous_8)
FNF:9
FNH:7
FNDA:4,(anonymous_0)
FNDA:5,(anonymous_1)
FNDA:0,(anonymous_2)
FNDA:0,(anonymous_3)
FNDA:2,(anonymous_4)
FNDA:4,(anonymous_5)
FNDA:5,(anonymous_6)
FNDA:1,(anonymous_7)
FNDA:3,(anonymous_8)
DA:5,6
DA:7,6
DA:8,6
DA:9,6
DA:10,6
DA:11,6
DA:12,6
DA:13,6
DA:14,6
DA:16,6
DA:31,6
DA:32,4
DA:33,4
DA:34,4
DA:35,5
DA:36,2
DA:39,2
DA:40,2
DA:41,2
DA:43,2
DA:53,6
DA:54,0
DA:55,0
DA:56,0
DA:57,0
DA:58,0
DA:59,0
DA:62,0
DA:63,0
DA:64,0
DA:66,0
DA:78,6
DA:79,2
DA:80,2
DA:81,0
DA:83,2
DA:95,6
DA:96,4
DA:97,4
DA:98,0
DA:100,4
DA:115,6
DA:116,5
DA:117,5
DA:118,5
DA:119,1
DA:120,1
DA:123,4
DA:124,3
DA:126,2
DA:136,6
DA:137,3
DA:138,3
DA:139,2
DA:141,1
DA:146,6
LF:56
LH:44
BRDA:34,0,0,2
BRDA:34,0,1,2
BRDA:57,1,0,0
BRDA:57,1,1,0
BRDA:118,2,0,1
BRDA:118,2,1,4
BRF:6
BRH:4
end_of_record
